<?xml version="1.0" encoding="UTF-8"?>
<!-- Generated by org.testng.reporters.JUnitReportReporter -->
<testsuite skipped="1" hostname="DESKTOP-8R9F2IH" name="Test.day2" tests="5" failures="0" timestamp="12 Apr 2019 14:40:30 GMT" time="0.026" errors="0">
  <testcase name="temo3" time="0.003" classname="Test.day2"/>
  <testcase name="Demo2" time="0.002" classname="Test.day2"/>
  <testcase name="Demo5" time="0.013" classname="Test.day2"/>
  <testcase name="demo6" time="0.008" classname="Test.day2"/>
  <testcase name="demo7" classname="Test.day2">
    <skipped/>
  </testcase> <!-- demo7 -->
</testsuite> <!-- Test.day2 -->
